app/(main)/_components/document-list.tsx(33,44): error TS2339: Property 'getSidebar' does not exist on type '{ create: FunctionReference<"mutation", "public", { title?: string | undefined; parentDocument?: Id<"documents"> | undefined; coverImage?: string | undefined; icon?: string | undefined; organizationId?: string | undefined; isPublished?: boolean | undefined; }, string & { ...; }, string | undefined>; ... 7 more ...; ...'.
app/(main)/_components/document-list.tsx(65,23): error TS7006: Parameter 'document' implicitly has an 'any' type.
app/(main)/_components/publish.tsx(79,24): error TS2339: Property 'isPublished' does not exist on type '{ _id: Id<"documents">; _creationTime: number; content?: string | undefined; parentDocument?: Id<"documents"> | undefined; title: string; userId: string; isArchived: boolean; createdAt: number; updatedAt: number; }'.
app/(main)/_components/publish.tsx(92,22): error TS2339: Property 'isPublished' does not exist on type '{ _id: Id<"documents">; _creationTime: number; content?: string | undefined; parentDocument?: Id<"documents"> | undefined; title: string; userId: string; isArchived: boolean; createdAt: number; updatedAt: number; }'.
app/(main)/_components/title.tsx(58,22): error TS2339: Property 'icon' does not exist on type '{ _id: Id<"documents">; _creationTime: number; content?: string | undefined; parentDocument?: Id<"documents"> | undefined; title: string; userId: string; isArchived: boolean; createdAt: number; updatedAt: number; }'.
app/(main)/_components/title.tsx(58,46): error TS2339: Property 'icon' does not exist on type '{ _id: Id<"documents">; _creationTime: number; content?: string | undefined; parentDocument?: Id<"documents"> | undefined; title: string; userId: string; isArchived: boolean; createdAt: number; updatedAt: number; }'.
app/(main)/dashboard/services/page.tsx(19,24): error TS2345: Argument of type 'string' is not assignable to parameter of type 'FunctionReference<"query">'.
app/(marketing)/services/page.tsx(16,30): error TS2345: Argument of type 'string' is not assignable to parameter of type 'FunctionReference<"query">'.
app/dashboard/_components/product.tsx(13,10): error TS2305: Module '"@/lib/db"' has no exported member 'SelectProduct'.
app/dashboard/_components/product.tsx(14,10): error TS2305: Module '"./actions"' has no exported member 'deleteProduct'.
app/dashboard/layout.tsx(67,10): error TS2322: Type '{ children: Element; href: string; label: string; }' is not assignable to type 'IntrinsicAttributes & Props'.
  Property 'children' does not exist on type 'IntrinsicAttributes & Props'.
app/dashboard/layout.tsx(71,10): error TS2322: Type '{ children: Element; href: string; label: string; }' is not assignable to type 'IntrinsicAttributes & Props'.
  Property 'children' does not exist on type 'IntrinsicAttributes & Props'.
app/dashboard/layout.tsx(75,10): error TS2322: Type '{ children: Element; href: string; label: string; }' is not assignable to type 'IntrinsicAttributes & Props'.
  Property 'children' does not exist on type 'IntrinsicAttributes & Props'.
app/dashboard/layout.tsx(79,10): error TS2322: Type '{ children: Element; href: string; label: string; }' is not assignable to type 'IntrinsicAttributes & Props'.
  Property 'children' does not exist on type 'IntrinsicAttributes & Props'.
app/dashboard/layout.tsx(83,10): error TS2322: Type '{ children: Element; href: string; label: string; }' is not assignable to type 'IntrinsicAttributes & Props'.
  Property 'children' does not exist on type 'IntrinsicAttributes & Props'.
app/dashboard/layout.tsx(150,13): error TS2322: Type '"/customers"' is not assignable to type 'UrlObject | RouteImpl<"/customers">'.
app/dashboard/nav-item.tsx(19,7): error TS2322: Type 'string' is not assignable to type 'UrlObject | RouteImpl<string>'.
app/dashboard/page.tsx(135,11): error TS2322: Type '{ loading: boolean; services: Service[]; offset: number; totalServices: number; }' is not assignable to type 'IntrinsicAttributes & { services: Service[]; offset: number; servicesPerPage: number; totalServices: number; onPageChange?: ((nextOffset: number) => void) | undefined; autoAdvanceMs?: number | undefined; }'.
  Property 'loading' does not exist on type 'IntrinsicAttributes & { services: Service[]; offset: number; servicesPerPage: number; totalServices: number; onPageChange?: ((nextOffset: number) => void) | undefined; autoAdvanceMs?: number | undefined; }'.
app/dashboard/services-table.tsx(152,17): error TS2345: Argument of type '`${string}?offset=${number}`' is not assignable to parameter of type 'RouteImpl<`${string}?offset=${number}`>'.
app/dashboard/services-table.tsx(160,17): error TS2345: Argument of type '`${string}?offset=${number}`' is not assignable to parameter of type 'RouteImpl<`${string}?offset=${number}`>'.
app/dashboard/services-table.tsx(171,17): error TS2345: Argument of type '`${string}/${string}`' is not assignable to parameter of type 'RouteImpl<`${string}/${string}`>'.
app/dashboard/user.tsx(44,17): error TS2322: Type '"/settings"' is not assignable to type 'UrlObject | RouteImpl<"/settings">'.
app/dashboard/user.tsx(47,17): error TS2322: Type '"/support"' is not assignable to type 'UrlObject | RouteImpl<"/support">'.
app/providers.tsx(5,8): error TS2613: Module '"/home/ETHUB/components/providers/convex-provider"' has no default export. Did you mean to use 'import { ConvexClientProvider } from "/home/ETHUB/components/providers/convex-provider"' instead?
app/services/page.safe.tsx(16,24): error TS2345: Argument of type 'string' is not assignable to parameter of type 'FunctionReference<"query">'.
components/admin/admin-navbar.tsx(46,21): error TS2322: Type 'string' is not assignable to type 'UrlObject | RouteImpl<string>'.
components/admin/admin-navbar.tsx(67,25): error TS2322: Type 'string' is not assignable to type 'UrlObject | RouteImpl<string>'.
components/document-editor.tsx(21,65): error TS2322: Type '{ initialContent: string; onChange: (content: string) => void; editable: true; }' is not assignable to type 'IntrinsicAttributes & EditorProps'.
  Property 'editable' does not exist on type 'IntrinsicAttributes & EditorProps'.
components/ensure-user.tsx(11,44): error TS2339: Property 'ensureUser' does not exist on type '{ ensureByToken: FunctionReference<"mutation", "public", { role?: "user" | "admin" | undefined; name?: string | undefined; email?: string | undefined; imageUrl?: string | undefined; username?: string | undefined; phoneNumber?: string | undefined; userId: string; tokenIdentifier: string; }, string & { ...; }, string ...'.
components/search-command.tsx(23,44): error TS2339: Property 'getSearch' does not exist on type '{ create: FunctionReference<"mutation", "public", { title?: string | undefined; parentDocument?: Id<"documents"> | undefined; coverImage?: string | undefined; icon?: string | undefined; organizationId?: string | undefined; isPublished?: boolean | undefined; }, string & { ...; }, string | undefined>; ... 7 more ...; ...'.
components/search-command.tsx(61,28): error TS7006: Parameter 'document' implicitly has an 'any' type.
components/service-carousel.tsx(89,21): error TS2322: Type '`/main/services/${string}`' is not assignable to type 'UrlObject | RouteImpl<`/main/services/${string}`>'.
components/service-carousel.tsx(117,23): error TS2322: Type '`/main/services/${string}`' is not assignable to type 'UrlObject | RouteImpl<`/main/services/${string}`>'.
components/services-navbar.tsx(38,58): error TS2345: Argument of type '"/order"' is not assignable to parameter of type 'RouteImpl<"/order">'.
components/services-navbar.tsx(58,42): error TS2345: Argument of type '"/admin"' is not assignable to parameter of type 'RouteImpl<"/admin">'.
components/services-navbar.tsx(67,64): error TS2345: Argument of type '"/sign-in"' is not assignable to parameter of type 'RouteImpl<"/sign-in">'.
components/services-table.tsx(128,27): error TS2322: Type '`/main/services/${string}`' is not assignable to type 'UrlObject | RouteImpl<`/main/services/${string}`>'.
components/services/services-table.tsx(128,27): error TS2322: Type '`/main/services/${string}`' is not assignable to type 'UrlObject | RouteImpl<`/main/services/${string}`>'.
components/toolbar.tsx(27,48): error TS2339: Property 'removeIcon' does not exist on type '{ create: FunctionReference<"mutation", "public", { title?: string | undefined; parentDocument?: Id<"documents"> | undefined; coverImage?: string | undefined; icon?: string | undefined; organizationId?: string | undefined; isPublished?: boolean | undefined; }, string & { ...; }, string | undefined>; ... 7 more ...; ...'.
components/toolbar.tsx(67,22): error TS2339: Property 'icon' does not exist on type '{ _id: Id<"documents">; _creationTime: number; content?: string | undefined; parentDocument?: Id<"documents"> | undefined; title: string; userId: string; isArchived: boolean; createdAt: number; updatedAt: number; }'.
components/toolbar.tsx(71,28): error TS2339: Property 'icon' does not exist on type '{ _id: Id<"documents">; _creationTime: number; content?: string | undefined; parentDocument?: Id<"documents"> | undefined; title: string; userId: string; isArchived: boolean; createdAt: number; updatedAt: number; }'.
components/toolbar.tsx(86,22): error TS2339: Property 'icon' does not exist on type '{ _id: Id<"documents">; _creationTime: number; content?: string | undefined; parentDocument?: Id<"documents"> | undefined; title: string; userId: string; isArchived: boolean; createdAt: number; updatedAt: number; }'.
components/toolbar.tsx(87,51): error TS2339: Property 'icon' does not exist on type '{ _id: Id<"documents">; _creationTime: number; content?: string | undefined; parentDocument?: Id<"documents"> | undefined; title: string; userId: string; isArchived: boolean; createdAt: number; updatedAt: number; }'.
components/toolbar.tsx(91,23): error TS2339: Property 'icon' does not exist on type '{ _id: Id<"documents">; _creationTime: number; content?: string | undefined; parentDocument?: Id<"documents"> | undefined; title: string; userId: string; isArchived: boolean; createdAt: number; updatedAt: number; }'.
components/toolbar.tsx(103,23): error TS2339: Property 'coverImage' does not exist on type '{ _id: Id<"documents">; _creationTime: number; content?: string | undefined; parentDocument?: Id<"documents"> | undefined; title: string; userId: string; isArchived: boolean; createdAt: number; updatedAt: number; }'.
convex/documents.ts(45,7): error TS2353: Object literal may only specify known properties, and 'coverImage' does not exist in type '{ content?: string | undefined; parentDocument?: Id<"documents"> | undefined; title: string; userId: string; isArchived: boolean; createdAt: number; updatedAt: number; }'.
convex/documents.ts(130,18): error TS2345: Argument of type '"by_userId"' is not assignable to parameter of type '"by_user" | "by_parent" | "by_isArchived" | keyof SystemIndexes'.
convex/documents.ts(147,18): error TS2345: Argument of type '"by_userId"' is not assignable to parameter of type '"by_user" | "by_parent" | "by_isArchived" | keyof SystemIndexes'.
convex/ensure_user.ts(41,9): error TS2353: Object literal may only specify known properties, and 'updatedAt' does not exist in type 'Partial<{ _id: Id<"users">; _creationTime: number; role?: string | undefined; name?: string | undefined; email?: string | undefined; imageUrl?: string | undefined; username?: string | undefined; userId: string; }>'.
convex/ensure_user.ts(54,7): error TS2353: Object literal may only specify known properties, and 'phoneNumber' does not exist in type '{ role?: string | undefined; name?: string | undefined; email?: string | undefined; imageUrl?: string | undefined; username?: string | undefined; userId: string; }'.
convex/ensure_users.ts(51,7): error TS2353: Object literal may only specify known properties, and 'createdAt' does not exist in type '{ role?: string | undefined; name?: string | undefined; email?: string | undefined; imageUrl?: string | undefined; username?: string | undefined; userId: string; }'.
convex/services.ts(43,7): error TS2353: Object literal may only specify known properties, and 'deliveryTime' does not exist in type '{ description?: string | undefined; price?: number | undefined; name: string; createdAt: number; updatedAt: number; isPublic: boolean; archived: boolean; slug: string; createdBy: string; }'.
convex/services.ts(91,18): error TS2345: Argument of type '"by_isPublic"' is not assignable to parameter of type '"by_slug" | "by_isPublic_archived" | "by_archived" | "by_createdBy" | keyof SystemIndexes'.
convex/users.ts(24,18): error TS2345: Argument of type '"by_token"' is not assignable to parameter of type '"by_userId" | "by_email" | keyof SystemIndexes'.
convex/users.ts(46,7): error TS2353: Object literal may only specify known properties, and 'createdAt' does not exist in type '{ role?: string | undefined; name?: string | undefined; email?: string | undefined; imageUrl?: string | undefined; username?: string | undefined; userId: string; }'.
lib/auth.ts(1,35): error TS2307: Cannot find module '@clerk/server' or its corresponding type declarations.
